2022.07.12 14:20:16 INFO  tracing is disabled for protocol LSP, to enable tracing of incoming and outgoing JSON messages create an empty file at c:\Users\ajayg\OneDrive\Workspace\Coursera\Scala\Functional Programming Principles in Scala\workspace\scala-project\.metals\lsp.trace.json or C:\Users\ajayg\AppData\Local\scalameta\metals\cache\lsp.trace.json
2022.07.12 14:20:18 INFO  logging to file C:\Users\ajayg\OneDrive\Workspace\Coursera\Scala\Functional Programming Principles in Scala\workspace\scala-project\.metals\metals.log
2022.07.12 14:20:18 INFO  Started: Metals version 0.11.7 in workspace 'C:\Users\ajayg\OneDrive\Workspace\Coursera\Scala\Functional Programming Principles in Scala\workspace\scala-project' for client Visual Studio Code 1.69.0.
2022.07.12 14:20:24 INFO  time: initialize in 6.46s
2022.07.12 14:20:24 WARN  Flyway upgrade recommended: H2 2.1.214 is newer than this version of Flyway and support has not been tested. The latest supported version of H2 is 2.1.210.
2022.07.12 14:20:25 WARN  Build server is not auto-connectable.
2022.07.12 14:20:35 INFO  running 'C:\Users\ajayg\AppData\Local\Coursier\cache\arc\https\github.com\AdoptOpenJDK\openjdk11-binaries\releases\download\jdk-11%252B28\OpenJDK11-jdk_x64_windows_hotspot_11_28.zip\jdk-11+28\bin\java -Djline.terminal=jline.UnsupportedTerminal -Dsbt.log.noformat=true -Dfile.encoding=UTF-8 -jar C:\Users\ajayg\AppData\Local\Temp\metals7862570679759059384\sbt-launch.jar -Dbloop.export-jar-classifiers=sources bloopInstall'
2022.07.12 14:20:38 ERROR [info] [launcher] getting org.scala-sbt sbt 1.5.2  (this may take some time)...
2022.07.12 14:23:22 ERROR downloading https://repo1.maven.org/maven2/org/scala-sbt/logic_2.12/1.5.2/logic_2.12-1.5.2.jar ...
2022.07.12 14:23:22 ERROR downloading https://repo1.maven.org/maven2/org/scala-sbt/main_2.12/1.5.2/main_2.12-1.5.2.jar ...
2022.07.12 14:23:22 ERROR downloading https://repo1.maven.org/maven2/org/scala-sbt/scripted-plugin_2.12/1.5.2/scripted-plugin_2.12-1.5.2.jar ...
2022.07.12 14:23:22 ERROR downloading https://repo1.maven.org/maven2/org/scala-sbt/io_2.12/1.5.0/io_2.12-1.5.0.jar ...
2022.07.12 14:23:22 ERROR downloading https://repo1.maven.org/maven2/org/scala-sbt/zinc-lm-integration_2.12/1.5.2/zinc-lm-integration_2.12-1.5.2.jar ...
2022.07.12 14:23:22 ERROR downloading https://repo1.maven.org/maven2/org/scala-sbt/actions_2.12/1.5.2/actions_2.12-1.5.2.jar ...
2022.07.12 14:23:22 ERROR downloading https://repo1.maven.org/maven2/org/scala-sbt/launcher-interface/1.3.1/launcher-interface-1.3.1.jar ...
2022.07.12 14:23:22 ERROR downloading https://repo1.maven.org/maven2/org/scala-sbt/main-settings_2.12/1.5.2/main-settings_2.12-1.5.2.jar ...
2022.07.12 14:23:22 ERROR downloading https://repo1.maven.org/maven2/org/scala-sbt/run_2.12/1.5.2/run_2.12-1.5.2.jar ...
2022.07.12 14:23:22 ERROR downloading https://repo1.maven.org/maven2/org/scala-sbt/sbt/1.5.2/sbt-1.5.2.jar ...
2022.07.12 14:23:22 ERROR downloading https://repo1.maven.org/maven2/org/scala-sbt/command_2.12/1.5.2/command_2.12-1.5.2.jar ...
2022.07.12 14:23:22 ERROR downloading https://repo1.maven.org/maven2/org/scala-lang/scala-library/2.12.13/scala-library-2.12.13.jar ...
2022.07.12 14:23:22 ERROR downloading https://repo1.maven.org/maven2/com/github/ben-manes/caffeine/caffeine/2.8.5/caffeine-2.8.5.jar ...
2022.07.12 14:23:22 ERROR downloading https://repo1.maven.org/maven2/org/scala-lang/modules/scala-xml_2.12/1.3.0/scala-xml_2.12-1.3.0.jar ...
2022.07.12 14:23:22 ERROR downloading https://repo1.maven.org/maven2/org/scala-sbt/collections_2.12/1.5.2/collections_2.12-1.5.2.jar ...
2022.07.12 14:23:22 ERROR downloading https://repo1.maven.org/maven2/org/scala-sbt/util-logging_2.12/1.5.2/util-logging_2.12-1.5.2.jar ...
2022.07.12 14:23:22 ERROR :: loading settings :: url = jar:file:/C:/Users/ajayg/AppData/Local/Temp/metals7862570679759059384/sbt-launch.jar!/org/apache/ivy/core/settings/ivysettings.xml
2022.07.12 14:23:22 ERROR :: loading settings :: url = jar:file:/C:/Users/ajayg/AppData/Local/Temp/metals7862570679759059384/sbt-launch.jar!/org/apache/ivy/core/settings/ivysettings.xml
2022.07.12 14:23:22 ERROR :: loading settings :: url = jar:file:/C:/Users/ajayg/AppData/Local/Temp/metals7862570679759059384/sbt-launch.jar!/org/apache/ivy/core/settings/ivysettings.xml
2022.07.12 14:23:22 ERROR :: loading settings :: url = jar:file:/C:/Users/ajayg/AppData/Local/Temp/metals7862570679759059384/sbt-launch.jar!/org/apache/ivy/core/settings/ivysettings.xml
2022.07.12 14:23:22 ERROR :: loading settings :: url = jar:file:/C:/Users/ajayg/AppData/Local/Temp/metals7862570679759059384/sbt-launch.jar!/org/apache/ivy/core/settings/ivysettings.xml
2022.07.12 14:23:22 ERROR :: loading settings :: url = jar:file:/C:/Users/ajayg/AppData/Local/Temp/metals7862570679759059384/sbt-launch.jar!/org/apache/ivy/core/settings/ivysettings.xml
2022.07.12 14:23:22 ERROR :: loading settings :: url = jar:file:/C:/Users/ajayg/AppData/Local/Temp/metals7862570679759059384/sbt-launch.jar!/org/apache/ivy/core/settings/ivysettings.xml
2022.07.12 14:23:22 ERROR :: loading settings :: url = jar:file:/C:/Users/ajayg/AppData/Local/Temp/metals7862570679759059384/sbt-launch.jar!/org/apache/ivy/core/settings/ivysettings.xml
2022.07.12 14:23:22 ERROR :: loading settings :: url = jar:file:/C:/Users/ajayg/AppData/Local/Temp/metals7862570679759059384/sbt-launch.jar!/org/apache/ivy/core/settings/ivysettings.xml
2022.07.12 14:23:22 ERROR :: loading settings :: url = jar:file:/C:/Users/ajayg/AppData/Local/Temp/metals7862570679759059384/sbt-launch.jar!/org/apache/ivy/core/settings/ivysettings.xml
2022.07.12 14:23:22 ERROR :: loading settings :: url = jar:file:/C:/Users/ajayg/AppData/Local/Temp/metals7862570679759059384/sbt-launch.jar!/org/apache/ivy/core/settings/ivysettings.xml
2022.07.12 14:23:22 ERROR :: loading settings :: url = jar:file:/C:/Users/ajayg/AppData/Local/Temp/metals7862570679759059384/sbt-launch.jar!/org/apache/ivy/core/settings/ivysettings.xml
2022.07.12 14:23:22 ERROR :: loading settings :: url = jar:file:/C:/Users/ajayg/AppData/Local/Temp/metals7862570679759059384/sbt-launch.jar!/org/apache/ivy/core/settings/ivysettings.xml
2022.07.12 14:23:22 ERROR :: loading settings :: url = jar:file:/C:/Users/ajayg/AppData/Local/Temp/metals7862570679759059384/sbt-launch.jar!/org/apache/ivy/core/settings/ivysettings.xml
2022.07.12 14:23:22 ERROR :: loading settings :: url = jar:file:/C:/Users/ajayg/AppData/Local/Temp/metals7862570679759059384/sbt-launch.jar!/org/apache/ivy/core/settings/ivysettings.xml
2022.07.12 14:23:22 ERROR :: loading settings :: url = jar:file:/C:/Users/ajayg/AppData/Local/Temp/metals7862570679759059384/sbt-launch.jar!/org/apache/ivy/core/settings/ivysettings.xml
2022.07.12 14:23:23 ERROR 	[SUCCESSFUL ] org.scala-sbt#launcher-interface;1.3.1!launcher-interface.jar (1047ms)
2022.07.12 14:23:23 ERROR downloading https://repo1.maven.org/maven2/io/get-coursier/lm-coursier-shaded_2.12/2.0.8/lm-coursier-shaded_2.12-2.0.8.jar ...
2022.07.12 14:23:23 ERROR 	[SUCCESSFUL ] org.scala-sbt#scripted-plugin_2.12;1.5.2!scripted-plugin_2.12.jar (1134ms)
2022.07.12 14:23:23 ERROR downloading https://repo1.maven.org/maven2/org/apache/logging/log4j/log4j-api/2.11.2/log4j-api-2.11.2.jar ...
2022.07.12 14:23:23 ERROR 	[SUCCESSFUL ] org.scala-sbt#io_2.12;1.5.0!io_2.12.jar (1222ms)
2022.07.12 14:23:23 ERROR downloading https://repo1.maven.org/maven2/org/apache/logging/log4j/log4j-core/2.11.2/log4j-core-2.11.2.jar ...
2022.07.12 14:23:23 ERROR 	[SUCCESSFUL ] org.scala-sbt#logic_2.12;1.5.2!logic_2.12.jar (1306ms)
2022.07.12 14:23:23 ERROR downloading https://repo1.maven.org/maven2/org/apache/logging/log4j/log4j-slf4j-impl/2.11.2/log4j-slf4j-impl-2.11.2.jar ...
2022.07.12 14:23:23 ERROR 	[SUCCESSFUL ] org.scala-sbt#zinc-lm-integration_2.12;1.5.2!zinc-lm-integration_2.12.jar (1348ms)
2022.07.12 14:23:23 ERROR downloading https://repo1.maven.org/maven2/org/scala-sbt/librarymanagement-core_2.12/1.5.0/librarymanagement-core_2.12-1.5.0.jar ...
2022.07.12 14:23:23 ERROR 	[SUCCESSFUL ] org.scala-sbt#run_2.12;1.5.2!run_2.12.jar (1349ms)
2022.07.12 14:23:23 ERROR 	[SUCCESSFUL ] org.scala-sbt#sbt;1.5.2!sbt.jar (1350ms)
2022.07.12 14:23:23 ERROR downloading https://repo1.maven.org/maven2/org/scala-sbt/librarymanagement-ivy_2.12/1.5.0/librarymanagement-ivy_2.12-1.5.0.jar ...
2022.07.12 14:23:23 ERROR downloading https://repo1.maven.org/maven2/org/scala-sbt/compiler-interface/1.5.3/compiler-interface-1.5.3.jar ...
2022.07.12 14:23:23 ERROR 	[SUCCESSFUL ] org.scala-sbt#actions_2.12;1.5.2!actions_2.12.jar (1553ms)
2022.07.12 14:23:23 ERROR downloading https://repo1.maven.org/maven2/org/scala-sbt/zinc-compile_2.12/1.5.3/zinc-compile_2.12-1.5.3.jar ...
2022.07.12 14:23:23 ERROR 	[SUCCESSFUL ] org.scala-sbt#collections_2.12;1.5.2!collections_2.12.jar (1774ms)
2022.07.12 14:23:23 ERROR downloading https://repo1.maven.org/maven2/org/scala-sbt/util-relation_2.12/1.5.2/util-relation_2.12-1.5.2.jar ...
2022.07.12 14:23:23 ERROR 	[SUCCESSFUL ] org.scala-sbt#util-logging_2.12;1.5.2!util-logging_2.12.jar (1856ms)
2022.07.12 14:23:23 ERROR downloading https://repo1.maven.org/maven2/org/scala-sbt/util-position_2.12/1.5.2/util-position_2.12-1.5.2.jar ...
2022.07.12 14:23:23 ERROR 	[SUCCESSFUL ] org.scala-lang.modules#scala-xml_2.12;1.3.0!scala-xml_2.12.jar(bundle) (1863ms)
2022.07.12 14:23:23 ERROR downloading https://repo1.maven.org/maven2/com/eed3si9n/sjson-new-scalajson_2.12/0.9.1/sjson-new-scalajson_2.12-0.9.1.jar ...
2022.07.12 14:23:23 ERROR 	[SUCCESSFUL ] org.scala-sbt#command_2.12;1.5.2!command_2.12.jar (1870ms)
2022.07.12 14:23:23 ERROR downloading https://repo1.maven.org/maven2/org/scala-lang/scala-reflect/2.12.13/scala-reflect-2.12.13.jar ...
2022.07.12 14:23:23 ERROR 	[SUCCESSFUL ] org.scala-sbt#main-settings_2.12;1.5.2!main-settings_2.12.jar (1926ms)
2022.07.12 14:23:23 ERROR downloading https://repo1.maven.org/maven2/com/eed3si9n/sjson-new-core_2.12/0.9.1/sjson-new-core_2.12-0.9.1.jar ...
2022.07.12 14:23:23 ERROR 	[SUCCESSFUL ] com.github.ben-manes.caffeine#caffeine;2.8.5!caffeine.jar (1932ms)
2022.07.12 14:23:23 ERROR downloading https://repo1.maven.org/maven2/com/eed3si9n/shaded-jawn-parser_2.12/0.9.1/shaded-jawn-parser_2.12-0.9.1.jar ...
2022.07.12 14:23:24 ERROR 	[SUCCESSFUL ] org.apache.logging.log4j#log4j-slf4j-impl;2.11.2!log4j-slf4j-impl.jar (851ms)
2022.07.12 14:23:24 ERROR downloading https://repo1.maven.org/maven2/com/eed3si9n/shaded-scalajson_2.12/1.0.0-M4/shaded-scalajson_2.12-1.0.0-M4.jar ...
2022.07.12 14:23:24 ERROR 	[SUCCESSFUL ] org.scala-sbt#compiler-interface;1.5.3!compiler-interface.jar (1030ms)
2022.07.12 14:23:24 ERROR downloading https://repo1.maven.org/maven2/org/scala-sbt/completion_2.12/1.5.2/completion_2.12-1.5.2.jar ...
2022.07.12 14:23:24 ERROR 	[SUCCESSFUL ] org.scala-sbt#librarymanagement-ivy_2.12;1.5.0!librarymanagement-ivy_2.12.jar (1088ms)
2022.07.12 14:23:24 ERROR downloading https://repo1.maven.org/maven2/org/scala-sbt/task-system_2.12/1.5.2/task-system_2.12-1.5.2.jar ...
2022.07.12 14:23:24 ERROR 	[SUCCESSFUL ] org.scala-sbt#zinc-compile_2.12;1.5.3!zinc-compile_2.12.jar (888ms)
2022.07.12 14:23:24 ERROR downloading https://repo1.maven.org/maven2/org/scala-sbt/tasks_2.12/1.5.2/tasks_2.12-1.5.2.jar ...
2022.07.12 14:23:24 ERROR 	[SUCCESSFUL ] org.scala-sbt#main_2.12;1.5.2!main_2.12.jar (2552ms)
2022.07.12 14:23:24 ERROR downloading https://repo1.maven.org/maven2/org/scala-sbt/testing_2.12/1.5.2/testing_2.12-1.5.2.jar ...
2022.07.12 14:23:24 ERROR 	[SUCCESSFUL ] org.scala-sbt#util-relation_2.12;1.5.2!util-relation_2.12.jar (821ms)
2022.07.12 14:23:24 ERROR 	[SUCCESSFUL ] com.eed3si9n#sjson-new-scalajson_2.12;0.9.1!sjson-new-scalajson_2.12.jar (733ms)
2022.07.12 14:23:24 ERROR downloading https://repo1.maven.org/maven2/org/scala-sbt/util-tracking_2.12/1.5.2/util-tracking_2.12-1.5.2.jar ...
2022.07.12 14:23:24 ERROR downloading https://repo1.maven.org/maven2/org/jline/jline-terminal/3.19.0/jline-terminal-3.19.0.jar ...
2022.07.12 14:23:24 ERROR 	[SUCCESSFUL ] org.scala-sbt#util-position_2.12;1.5.2!util-position_2.12.jar (815ms)
2022.07.12 14:23:24 ERROR downloading https://repo1.maven.org/maven2/org/scala-sbt/zinc-classpath_2.12/1.5.3/zinc-classpath_2.12-1.5.3.jar ...
2022.07.12 14:23:24 ERROR 	[SUCCESSFUL ] com.eed3si9n#shaded-jawn-parser_2.12;0.9.1!shaded-jawn-parser_2.12.jar (754ms)
2022.07.12 14:23:24 ERROR downloading https://repo1.maven.org/maven2/org/scala-sbt/zinc-apiinfo_2.12/1.5.3/zinc-apiinfo_2.12-1.5.3.jar ...
2022.07.12 14:23:24 ERROR 	[SUCCESSFUL ] org.apache.logging.log4j#log4j-api;2.11.2!log4j-api.jar (1566ms)
2022.07.12 14:23:24 ERROR downloading https://repo1.maven.org/maven2/org/scala-sbt/zinc_2.12/1.5.3/zinc_2.12-1.5.3.jar ...
2022.07.12 14:23:24 ERROR 	[SUCCESSFUL ] org.scala-lang#scala-library;2.12.13!scala-library.jar (2743ms)
2022.07.12 14:23:24 ERROR downloading https://repo1.maven.org/maven2/org/scala-sbt/util-control_2.12/1.5.2/util-control_2.12-1.5.2.jar ...
2022.07.12 14:23:24 ERROR 	[SUCCESSFUL ] io.get-coursier#lm-coursier-shaded_2.12;2.0.8!lm-coursier-shaded_2.12.jar (1760ms)
2022.07.12 14:23:24 ERROR downloading https://repo1.maven.org/maven2/org/scala-sbt/jline/jline/2.14.7-sbt-a1b0ffbb8f64bb820f4f84a0c07a0c0964507493/jline-2.14.7-sbt-a1b0ffbb8f64bb820f4f84a0c07a0c0964507493.jar ...
2022.07.12 14:23:24 ERROR 	[SUCCESSFUL ] com.eed3si9n#shaded-scalajson_2.12;1.0.0-M4!shaded-scalajson_2.12.jar (825ms)
2022.07.12 14:23:24 ERROR downloading https://repo1.maven.org/maven2/org/jline/jline-reader/3.19.0/jline-reader-3.19.0.jar ...
2022.07.12 14:23:25 ERROR 	[SUCCESSFUL ] org.scala-sbt#tasks_2.12;1.5.2!tasks_2.12.jar (771ms)
2022.07.12 14:23:25 ERROR downloading https://repo1.maven.org/maven2/org/jline/jline-builtins/3.19.0/jline-builtins-3.19.0.jar ...
2022.07.12 14:23:25 ERROR 	[SUCCESSFUL ] org.scala-sbt#task-system_2.12;1.5.2!task-system_2.12.jar (819ms)
2022.07.12 14:23:25 ERROR downloading https://repo1.maven.org/maven2/org/scala-sbt/util-interface/1.5.2/util-interface-1.5.2.jar ...
2022.07.12 14:23:25 ERROR 	[SUCCESSFUL ] org.scala-sbt#librarymanagement-core_2.12;1.5.0!librarymanagement-core_2.12.jar (1927ms)
2022.07.12 14:23:25 ERROR downloading https://repo1.maven.org/maven2/org/scala-sbt/core-macros_2.12/1.5.2/core-macros_2.12-1.5.2.jar ...
2022.07.12 14:23:25 ERROR 	[SUCCESSFUL ] org.jline#jline-terminal;3.19.0!jline-terminal.jar (697ms)
2022.07.12 14:23:25 ERROR downloading https://repo1.maven.org/maven2/org/jline/jline-terminal-jna/3.19.0/jline-terminal-jna-3.19.0.jar ...
2022.07.12 14:23:25 ERROR 	[SUCCESSFUL ] org.scala-sbt#testing_2.12;1.5.2!testing_2.12.jar (789ms)
2022.07.12 14:23:25 ERROR downloading https://repo1.maven.org/maven2/org/jline/jline-terminal-jansi/3.19.0/jline-terminal-jansi-3.19.0.jar ...
2022.07.12 14:23:25 ERROR 	[SUCCESSFUL ] org.scala-sbt#util-tracking_2.12;1.5.2!util-tracking_2.12.jar (746ms)
2022.07.12 14:23:25 ERROR downloading https://repo1.maven.org/maven2/com/lmax/disruptor/3.4.2/disruptor-3.4.2.jar ...
2022.07.12 14:23:25 ERROR 	[SUCCESSFUL ] org.scala-sbt#zinc-classpath_2.12;1.5.3!zinc-classpath_2.12.jar (800ms)
2022.07.12 14:23:25 ERROR downloading https://repo1.maven.org/maven2/org/scala-lang/scala-compiler/2.12.13/scala-compiler-2.12.13.jar ...
2022.07.12 14:23:25 ERROR 	[SUCCESSFUL ] org.scala-sbt#zinc-apiinfo_2.12;1.5.3!zinc-apiinfo_2.12.jar (801ms)
2022.07.12 14:23:25 ERROR downloading https://repo1.maven.org/maven2/org/fusesource/jansi/jansi/2.1.0/jansi-2.1.0.jar ...
2022.07.12 14:23:25 ERROR 	[SUCCESSFUL ] org.scala-sbt#util-control_2.12;1.5.2!util-control_2.12.jar (783ms)
2022.07.12 14:23:25 ERROR downloading https://repo1.maven.org/maven2/com/swoval/file-tree-views/2.1.6/file-tree-views-2.1.6.jar ...
2022.07.12 14:23:25 ERROR 	[SUCCESSFUL ] org.scala-sbt#zinc_2.12;1.5.3!zinc_2.12.jar (839ms)
2022.07.12 14:23:25 ERROR 	[SUCCESSFUL ] org.scala-sbt.jline#jline;2.14.7-sbt-a1b0ffbb8f64bb820f4f84a0c07a0c0964507493!jline.jar (729ms)
2022.07.12 14:23:25 ERROR downloading https://repo1.maven.org/maven2/net/java/dev/jna/jna-platform/5.5.0/jna-platform-5.5.0.jar ...
2022.07.12 14:23:25 ERROR downloading https://repo1.maven.org/maven2/net/java/dev/jna/jna/5.5.0/jna-5.5.0.jar ...
2022.07.12 14:23:25 ERROR 	[SUCCESSFUL ] org.scala-lang#scala-reflect;2.12.13!scala-reflect.jar (1848ms)
2022.07.12 14:23:25 ERROR downloading https://repo1.maven.org/maven2/org/jline/jline-style/3.19.0/jline-style-3.19.0.jar ...
2022.07.12 14:23:25 ERROR 	[SUCCESSFUL ] org.scala-sbt#completion_2.12;1.5.2!completion_2.12.jar (1358ms)
2022.07.12 14:23:25 ERROR downloading https://repo1.maven.org/maven2/org/scala-sbt/util-cache_2.12/1.5.2/util-cache_2.12-1.5.2.jar ...
2022.07.12 14:23:25 ERROR 	[SUCCESSFUL ] com.eed3si9n#sjson-new-core_2.12;0.9.1!sjson-new-core_2.12.jar (1817ms)
2022.07.12 14:23:25 ERROR downloading https://repo1.maven.org/maven2/com/eed3si9n/sjson-new-murmurhash_2.12/0.9.1/sjson-new-murmurhash_2.12-0.9.1.jar ...
2022.07.12 14:23:25 ERROR 	[SUCCESSFUL ] org.jline#jline-builtins;3.19.0!jline-builtins.jar (814ms)
2022.07.12 14:23:25 ERROR 	[SUCCESSFUL ] org.jline#jline-terminal-jna;3.19.0!jline-terminal-jna.jar (733ms)
2022.07.12 14:23:25 ERROR 	[SUCCESSFUL ] org.jline#jline-reader;3.19.0!jline-reader.jar (1049ms)
2022.07.12 14:23:25 ERROR downloading https://repo1.maven.org/maven2/org/scala-sbt/test-agent/1.5.2/test-agent-1.5.2.jar ...
2022.07.12 14:23:25 ERROR downloading https://repo1.maven.org/maven2/org/scala-sbt/test-interface/1.0/test-interface-1.0.jar ...
2022.07.12 14:23:25 ERROR downloading https://repo1.maven.org/maven2/org/scala-sbt/compiler-bridge_2.12/1.5.3/compiler-bridge_2.12-1.5.3.jar ...
2022.07.12 14:23:25 ERROR 	[SUCCESSFUL ] com.lmax#disruptor;3.4.2!disruptor.jar (820ms)
2022.07.12 14:23:25 ERROR 	[SUCCESSFUL ] org.jline#jline-terminal-jansi;3.19.0!jline-terminal-jansi.jar (824ms)
2022.07.12 14:23:25 ERROR downloading https://repo1.maven.org/maven2/org/scala-sbt/zinc-classfile_2.12/1.5.3/zinc-classfile_2.12-1.5.3.jar ...
2022.07.12 14:23:25 ERROR downloading https://repo1.maven.org/maven2/com/jcraft/jsch/0.1.54/jsch-0.1.54.jar ...
2022.07.12 14:23:25 ERROR 	[SUCCESSFUL ] org.scala-sbt#core-macros_2.12;1.5.2!core-macros_2.12.jar (922ms)
2022.07.12 14:23:25 ERROR downloading https://repo1.maven.org/maven2/com/eed3si9n/gigahorse-okhttp_2.12/0.5.0/gigahorse-okhttp_2.12-0.5.0.jar ...
2022.07.12 14:23:25 ERROR 	[SUCCESSFUL ] org.scala-sbt#util-interface;1.5.2!util-interface.jar (945ms)
2022.07.12 14:23:25 ERROR downloading https://repo1.maven.org/maven2/com/squareup/okhttp3/okhttp-urlconnection/3.7.0/okhttp-urlconnection-3.7.0.jar ...
2022.07.12 14:23:26 ERROR 	[SUCCESSFUL ] org.fusesource.jansi#jansi;2.1.0!jansi.jar (871ms)
2022.07.12 14:23:26 ERROR downloading https://repo1.maven.org/maven2/com/eed3si9n/gigahorse-core_2.12/0.5.0/gigahorse-core_2.12-0.5.0.jar ...
2022.07.12 14:23:26 ERROR 	[SUCCESSFUL ] com.swoval#file-tree-views;2.1.6!file-tree-views.jar (841ms)
2022.07.12 14:23:26 ERROR downloading https://repo1.maven.org/maven2/com/squareup/okhttp3/okhttp/3.14.2/okhttp-3.14.2.jar ...
2022.07.12 14:23:26 ERROR 	[SUCCESSFUL ] org.apache.logging.log4j#log4j-core;2.11.2!log4j-core.jar (3148ms)
2022.07.12 14:23:26 ERROR downloading https://repo1.maven.org/maven2/com/typesafe/ssl-config-core_2.12/0.4.0/ssl-config-core_2.12-0.4.0.jar ...
2022.07.12 14:23:26 ERROR 	[SUCCESSFUL ] org.jline#jline-style;3.19.0!jline-style.jar (804ms)
2022.07.12 14:23:26 ERROR downloading https://repo1.maven.org/maven2/org/reactivestreams/reactive-streams/1.0.2/reactive-streams-1.0.2.jar ...
2022.07.12 14:23:26 ERROR 	[SUCCESSFUL ] net.java.dev.jna#jna-platform;5.5.0!jna-platform.jar (990ms)
2022.07.12 14:23:26 ERROR downloading https://repo1.maven.org/maven2/org/slf4j/slf4j-api/1.7.26/slf4j-api-1.7.26.jar ...
2022.07.12 14:23:26 ERROR 	[SUCCESSFUL ] com.eed3si9n#sjson-new-murmurhash_2.12;0.9.1!sjson-new-murmurhash_2.12.jar (818ms)
2022.07.12 14:23:26 ERROR downloading https://repo1.maven.org/maven2/org/scala-lang/modules/scala-parser-combinators_2.12/1.1.2/scala-parser-combinators_2.12-1.1.2.jar ...
2022.07.12 14:23:26 ERROR 	[SUCCESSFUL ] org.scala-sbt#test-agent;1.5.2!test-agent.jar (772ms)
2022.07.12 14:23:26 ERROR downloading https://repo1.maven.org/maven2/com/typesafe/config/1.3.3/config-1.3.3.jar ...
2022.07.12 14:23:26 ERROR 	[SUCCESSFUL ] org.scala-sbt#util-cache_2.12;1.5.2!util-cache_2.12.jar (1103ms)
2022.07.12 14:23:26 ERROR downloading https://repo1.maven.org/maven2/com/squareup/okio/okio/1.17.2/okio-1.17.2.jar ...
2022.07.12 14:23:26 ERROR 	[SUCCESSFUL ] org.scala-sbt#compiler-bridge_2.12;1.5.3!compiler-bridge_2.12.jar (817ms)
2022.07.12 14:23:26 ERROR downloading https://repo1.maven.org/maven2/org/scala-sbt/zinc-core_2.12/1.5.3/zinc-core_2.12-1.5.3.jar ...
2022.07.12 14:23:26 ERROR 	[SUCCESSFUL ] com.eed3si9n#gigahorse-okhttp_2.12;0.5.0!gigahorse-okhttp_2.12.jar (689ms)
2022.07.12 14:23:26 ERROR downloading https://repo1.maven.org/maven2/org/scala-sbt/zinc-persist_2.12/1.5.3/zinc-persist_2.12-1.5.3.jar ...
2022.07.12 14:23:26 ERROR 	[SUCCESSFUL ] com.squareup.okhttp3#okhttp-urlconnection;3.7.0!okhttp-urlconnection.jar (699ms)
2022.07.12 14:23:26 ERROR downloading https://repo1.maven.org/maven2/org/scala-sbt/zinc-compile-core_2.12/1.5.3/zinc-compile-core_2.12-1.5.3.jar ...
2022.07.12 14:23:26 ERROR 	[SUCCESSFUL ] org.scala-sbt#zinc-classfile_2.12;1.5.3!zinc-classfile_2.12.jar (879ms)
2022.07.12 14:23:26 ERROR downloading https://repo1.maven.org/maven2/org/scala-sbt/zinc-persist-core-assembly/1.5.3/zinc-persist-core-assembly-1.5.3.jar ...
2022.07.12 14:23:26 ERROR 	[SUCCESSFUL ] org.scala-sbt#test-interface;1.0!test-interface.jar (1018ms)
2022.07.12 14:23:26 ERROR downloading https://repo1.maven.org/maven2/net/openhft/zero-allocation-hashing/0.10.1/zero-allocation-hashing-0.10.1.jar ...
2022.07.12 14:23:26 ERROR 	[SUCCESSFUL ] com.typesafe#ssl-config-core_2.12;0.4.0!ssl-config-core_2.12.jar(bundle) (717ms)
2022.07.12 14:23:26 ERROR 	[SUCCESSFUL ] com.jcraft#jsch;0.1.54!jsch.jar (923ms)
2022.07.12 14:23:26 ERROR downloading https://repo1.maven.org/maven2/org/scala-sbt/sbinary_2.12/0.5.1/sbinary_2.12-0.5.1.jar ...
2022.07.12 14:23:26 ERROR downloading https://repo1.maven.org/maven2/org/scala-sbt/protocol_2.12/1.5.2/protocol_2.12-1.5.2.jar ...
2022.07.12 14:23:26 ERROR 	[SUCCESSFUL ] com.squareup.okhttp3#okhttp;3.14.2!okhttp.jar (778ms)
2022.07.12 14:23:26 ERROR downloading https://repo1.maven.org/maven2/org/scala-sbt/template-resolver/0.1/template-resolver-0.1.jar ...
2022.07.12 14:23:26 ERROR 	[SUCCESSFUL ] org.reactivestreams#reactive-streams;1.0.2!reactive-streams.jar (647ms)
2022.07.12 14:23:26 ERROR downloading https://repo1.maven.org/maven2/org/scala-sbt/ipcsocket/ipcsocket/1.3.0/ipcsocket-1.3.0.jar ...
2022.07.12 14:23:26 ERROR 	[SUCCESSFUL ] org.slf4j#slf4j-api;1.7.26!slf4j-api.jar (680ms)
2022.07.12 14:23:26 ERROR downloading https://repo1.maven.org/maven2/org/checkerframework/checker-qual/3.4.1/checker-qual-3.4.1.jar ...
2022.07.12 14:23:26 ERROR 	[SUCCESSFUL ] com.eed3si9n#gigahorse-core_2.12;0.5.0!gigahorse-core_2.12.jar (854ms)
2022.07.12 14:23:26 ERROR downloading https://repo1.maven.org/maven2/com/google/errorprone/error_prone_annotations/2.4.0/error_prone_annotations-2.4.0.jar ...
2022.07.12 14:23:26 ERROR 	[SUCCESSFUL ] net.java.dev.jna#jna;5.5.0!jna.jar (1707ms)
2022.07.12 14:23:26 ERROR downloading https://repo1.maven.org/maven2/org/scala-lang/modules/scala-collection-compat_2.12/2.4.2/scala-collection-compat_2.12-2.4.2.jar ...
2022.07.12 14:23:26 ERROR 	[SUCCESSFUL ] org.scala-lang.modules#scala-parser-combinators_2.12;1.1.2!scala-parser-combinators_2.12.jar(bundle) (725ms)
2022.07.12 14:23:26 ERROR downloading https://repo1.maven.org/maven2/org/scala-sbt/ivy/ivy/2.3.0-sbt-fbc4f586aeeb1591710b14eb4f41b94880dcd745/ivy-2.3.0-sbt-fbc4f586aeeb1591710b14eb4f41b94880dcd745.jar ...
2022.07.12 14:23:28 ERROR 	[SUCCESSFUL ] com.squareup.okio#okio;1.17.2!okio.jar (661ms)
2022.07.12 14:23:28 ERROR 	[SUCCESSFUL ] net.openhft#zero-allocation-hashing;0.10.1!zero-allocation-hashing.jar(bundle) (661ms)
2022.07.12 14:23:28 ERROR 	[SUCCESSFUL ] org.scala-sbt#sbinary_2.12;0.5.1!sbinary_2.12.jar (721ms)
2022.07.12 14:23:28 ERROR 	[SUCCESSFUL ] org.scala-sbt#template-resolver;0.1!template-resolver.jar (705ms)
2022.07.12 14:23:28 ERROR 	[SUCCESSFUL ] com.google.errorprone#error_prone_annotations;2.4.0!error_prone_annotations.jar (659ms)
2022.07.12 14:23:28 ERROR 	[SUCCESSFUL ] com.typesafe#config;1.3.3!config.jar(bundle) (1076ms)
2022.07.12 14:23:28 ERROR 	[SUCCESSFUL ] org.scala-sbt#zinc-persist_2.12;1.5.3!zinc-persist_2.12.jar (1050ms)
2022.07.12 14:23:28 ERROR 	[SUCCESSFUL ] org.checkerframework#checker-qual;3.4.1!checker-qual.jar (727ms)
2022.07.12 14:23:28 ERROR 	[SUCCESSFUL ] org.scala-lang.modules#scala-collection-compat_2.12;2.4.2!scala-collection-compat_2.12.jar (814ms)
2022.07.12 14:23:28 ERROR 	[SUCCESSFUL ] org.scala-sbt#zinc-core_2.12;1.5.3!zinc-core_2.12.jar (1250ms)
2022.07.12 14:23:28 ERROR 	[SUCCESSFUL ] org.scala-sbt#zinc-compile-core_2.12;1.5.3!zinc-compile-core_2.12.jar (1206ms)
2022.07.12 14:23:28 ERROR 	[SUCCESSFUL ] org.scala-sbt.ipcsocket#ipcsocket;1.3.0!ipcsocket.jar (942ms)
2022.07.12 14:23:28 ERROR 	[SUCCESSFUL ] org.scala-sbt.ivy#ivy;2.3.0-sbt-fbc4f586aeeb1591710b14eb4f41b94880dcd745!ivy.jar (978ms)
2022.07.12 14:23:29 ERROR 	[SUCCESSFUL ] org.scala-sbt#protocol_2.12;1.5.2!protocol_2.12.jar (1881ms)
2022.07.12 14:23:29 ERROR 	[SUCCESSFUL ] org.scala-sbt#zinc-persist-core-assembly;1.5.3!zinc-persist-core-assembly.jar (1988ms)
2022.07.12 14:23:29 ERROR 	[SUCCESSFUL ] org.scala-lang#scala-compiler;2.12.13!scala-compiler.jar (3682ms)
2022.07.12 14:23:29 ERROR :: retrieving :: org.scala-sbt#boot-app
2022.07.12 14:23:29 ERROR 	confs: [default]
2022.07.12 14:23:36 ERROR 	83 artifacts copied, 0 already retrieved
2022.07.12 14:23:36 ERROR [info] [launcher] getting Scala 2.12.13 (for sbt)...
2022.07.12 14:23:50 ERROR downloading https://repo1.maven.org/maven2/org/scala-lang/modules/scala-xml_2.12/1.0.6/scala-xml_2.12-1.0.6.jar ...
2022.07.12 14:23:50 ERROR downloading https://repo1.maven.org/maven2/jline/jline/2.14.6/jline-2.14.6.jar ...
2022.07.12 14:23:50 ERROR downloading https://repo1.maven.org/maven2/org/fusesource/jansi/jansi/1.12/jansi-1.12.jar ...
2022.07.12 14:23:52 ERROR 	[SUCCESSFUL ] org.fusesource.jansi#jansi;1.12!jansi.jar (1321ms)
2022.07.12 14:23:52 ERROR 	[SUCCESSFUL ] org.scala-lang.modules#scala-xml_2.12;1.0.6!scala-xml_2.12.jar(bundle) (1321ms)
2022.07.12 14:23:52 ERROR 	[SUCCESSFUL ] jline#jline;2.14.6!jline.jar (1494ms)
2022.07.12 14:23:52 ERROR :: retrieving :: org.scala-sbt#boot-scala
2022.07.12 14:23:52 ERROR 	confs: [default]
2022.07.12 14:23:53 ERROR 	6 artifacts copied, 0 already retrieved
2022.07.12 14:24:30 INFO  [info] welcome to sbt 1.5.2 (Oracle Corporation Java 11)
2022.07.12 14:24:33 INFO  [info] loading settings for project scala-project-build-build from metals.sbt ...
2022.07.12 14:24:33 INFO  [info] loading project definition from C:\Users\ajayg\OneDrive\Workspace\Coursera\Scala\Functional Programming Principles in Scala\workspace\scala-project\project\project
2022.07.12 14:24:47 INFO  [info] loading settings for project scala-project-build from metals.sbt ...
2022.07.12 14:24:47 INFO  [info] loading project definition from C:\Users\ajayg\OneDrive\Workspace\Coursera\Scala\Functional Programming Principles in Scala\workspace\scala-project\project
2022.07.12 14:25:46 INFO  [success] Generated .bloop\scala-project-build.json
2022.07.12 14:25:47 INFO  [success] Total time: 59 s, completed 12-Jul-2022, 2:25:47 PM
2022.07.12 14:25:49 INFO  [info] loading settings for project scala-project from build.sbt ...
2022.07.12 14:25:49 INFO  [info] set current project to scala-project (in build file:/C:/Users/ajayg/OneDrive/Workspace/Coursera/Scala/Functional%20Programming%20Principles%20in%20Scala/workspace/scala-project/)
2022.07.12 14:26:14 INFO  [success] Generated .bloop\scala-project-test.json
2022.07.12 14:26:14 INFO  [success] Generated .bloop\scala-project.json
2022.07.12 14:26:14 INFO  [success] Total time: 24 s, completed 12-Jul-2022, 2:26:14 PM
2022.07.12 14:26:14 INFO  time: ran 'sbt bloopInstall' in 5m39s
2022.07.12 14:26:14 INFO  Attempting to connect to the build server...
2022.07.12 14:26:14 INFO  Setting up current java home C:\Users\ajayg\AppData\Local\Coursier\cache\arc\https\github.com\AdoptOpenJDK\openjdk11-binaries\releases\download\jdk-11%252B28\OpenJDK11-jdk_x64_windows_hotspot_11_28.zip\jdk-11+28 in C:\Users\ajayg\.bloop\bloop.json
2022.07.12 14:27:04 ERROR Starting the bsp launcher for bloop...
2022.07.12 14:27:04 ERROR Opening a bsp server connection with 'bsp --protocol tcp --port 22736'...
2022.07.12 14:27:04 ERROR Waiting for the bsp connection to come up...
2022.07.12 14:27:04 ERROR Waiting for the bsp connection to come up...
2022.07.12 14:27:04 ERROR Waiting for the bsp connection to come up...
2022.07.12 14:27:04 ERROR Waiting for the bsp connection to come up...
2022.07.12 14:27:04 ERROR Waiting for the bsp connection to come up...
2022.07.12 14:27:04 ERROR Waiting for the bsp connection to come up...
2022.07.12 14:27:04 ERROR Waiting for the bsp connection to come up...
2022.07.12 14:27:04 ERROR Waiting for the bsp connection to come up...
2022.07.12 14:27:04 ERROR Waiting for the bsp connection to come up...
2022.07.12 14:27:04 ERROR Waiting for the bsp connection to come up...
2022.07.12 14:27:04 ERROR Waiting for the bsp connection to come up...
2022.07.12 14:27:04 ERROR Waiting for the bsp connection to come up...
2022.07.12 14:27:04 ERROR Waiting for the bsp connection to come up...
2022.07.12 14:27:04 ERROR Waiting for the bsp connection to come up...
2022.07.12 14:27:04 ERROR Waiting for the bsp connection to come up...
2022.07.12 14:27:04 ERROR Waiting for the bsp connection to come up...
2022.07.12 14:27:04 ERROR Waiting for the bsp connection to come up...
2022.07.12 14:27:04 ERROR Waiting for the bsp connection to come up...
2022.07.12 14:27:04 ERROR Waiting for the bsp connection to come up...
2022.07.12 14:27:04 ERROR Waiting for the bsp connection to come up...
2022.07.12 14:27:04 ERROR Waiting for the bsp connection to come up...
2022.07.12 14:27:04 ERROR Waiting for the bsp connection to come up...
2022.07.12 14:27:04 ERROR Waiting for the bsp connection to come up...
2022.07.12 14:27:04 ERROR Waiting for the bsp connection to come up...
2022.07.12 14:27:04 ERROR Waiting for the bsp connection to come up...
2022.07.12 14:27:04 ERROR Waiting for the bsp connection to come up...
2022.07.12 14:27:04 ERROR Waiting for the bsp connection to come up...
2022.07.12 14:27:04 ERROR Waiting for the bsp connection to come up...
2022.07.12 14:27:04 ERROR Waiting for the bsp connection to come up...
2022.07.12 14:27:04 ERROR Waiting for the bsp connection to come up...
2022.07.12 14:27:04 ERROR Waiting for the bsp connection to come up...
2022.07.12 14:27:04 ERROR error: Giving up on waiting for a connection, printing embedded bloop logs:
2022.07.12 14:27:04 ERROR > No server running at 127.0.0.1:8212, let's fire one...
2022.07.12 14:27:04 ERROR > Resolving ch.epfl.scala:bloop-frontend_2.12:1.5.2...
2022.07.12 14:27:04 ERROR > Starting bloop server at 127.0.0.1:8212...
2022.07.12 14:27:04 ERROR > Attempting a connection to the server...
2022.07.12 14:27:04 ERROR > Attempting a connection to the server...
2022.07.12 14:27:04 ERROR > Attempting a connection to the server...
2022.07.12 14:27:04 ERROR > Attempting a connection to the server...
2022.07.12 14:27:04 ERROR > Attempting a connection to the server...
2022.07.12 14:27:04 ERROR > Attempting a connection to the server...
2022.07.12 14:27:04 ERROR > Attempting a connection to the server...
2022.07.12 14:27:04 ERROR > Attempting a connection to the server...
2022.07.12 14:27:04 ERROR error: The launcher failed to establish a bsp connection, aborting...
2022.07.12 14:27:04 ERROR Failed to connect with build server, no functionality will work.java.lang.RuntimeException: The server did not start, got FailedToOpenBspConnection
	at bloop.launcher.LauncherMain.failPromise$1(Launcher.scala:92)
	at bloop.launcher.LauncherMain.runLauncher(Launcher.scala:119)
	at scala.meta.internal.metals.BloopServers$$anon$2.run(BloopServers.scala:496)
	at java.util.concurrent.Executors$RunnableAdapter.call(Executors.java:515)
	at java.util.concurrent.FutureTask.run(FutureTask.java:264)
	at java.util.concurrent.ThreadPoolExecutor.runWorker(ThreadPoolExecutor.java:1128)
	at java.util.concurrent.ThreadPoolExecutor$Worker.run(ThreadPoolExecutor.java:628)
	at java.lang.Thread.run(Thread.java:834)

2022.07.12 14:27:45 INFO  no build target found for C:\Users\ajayg\OneDrive\Workspace\Coursera\Scala\Functional Programming Principles in Scala\workspace\scala-project\src\main\scala\example\example.worksheet.sc. Using presentation compiler with project's scala-library version: 3.1.3
2022.07.12 14:27:55 INFO  time: code lens generation in 42s
2022.07.12 14:27:55 INFO  time: code lens generation in 25s
2022.07.12 14:27:55 INFO  time: code lens generation in 30s
2022.07.12 14:28:04 INFO  no build target found for C:\Users\ajayg\OneDrive\Workspace\Coursera\Scala\Functional Programming Principles in Scala\workspace\scala-project\src\main\scala\example\example.worksheet.sc. Using presentation compiler with project's scala-library version: 3.1.3
2022.07.12 14:28:05 INFO  time: evaluated worksheet 'example.worksheet.sc' in 51s
2022.07.12 14:28:06 INFO  time: evaluated worksheet 'example.worksheet.sc' in 1.79s
